Flow report for sync_cnt
Thu Nov 15 19:22:17 2018
Quartus II 32-bit Version 13.0.0 Build 156 04/24/2013 SJ Web Edition


---------------------
; Table of Contents ;
---------------------
  1. Legal Notice
  2. Flow Summary
  3. Flow Settings
  4. Flow Non-Default Global Settings
  5. Flow Elapsed Time
  6. Flow OS Summary
  7. Flow Log
  8. Flow Messages
  9. Flow Suppressed Messages



----------------
; Legal Notice ;
----------------
Copyright (C) 1991-2013 Altera Corporation
Your use of Altera Corporation's design tools, logic functions 
and other software and tools, and its AMPP partner logic 
functions, and any output files from any of the foregoing 
(including device programming or simulation files), and any 
associated documentation or information are expressly subject 
to the terms and conditions of the Altera Program License 
Subscription Agreement, Altera MegaCore Function License 
Agreement, or other applicable license agreement, including, 
without limitation, that your use is for the sole purpose of 
programming logic devices manufactured by Altera and sold by 
Altera or its authorized distributors.  Please refer to the 
applicable agreement for further details.



+---------------------------------------------------------------------------------+
; Flow Summary                                                                    ;
+------------------------------------+--------------------------------------------+
; Flow Status                        ; Successful - Thu Nov 15 19:22:17 2018      ;
; Quartus II 32-bit Version          ; 13.0.0 Build 156 04/24/2013 SJ Web Edition ;
; Revision Name                      ; sync_cnt                                   ;
; Top-level Entity Name              ; sync_cnt_right                             ;
; Family                             ; Cyclone II                                 ;
; Total logic elements               ; 48 / 4,608 ( 1 % )                         ;
;     Total combinational functions  ; 43 / 4,608 ( < 1 % )                       ;
;     Dedicated logic registers      ; 31 / 4,608 ( < 1 % )                       ;
; Total registers                    ; 31                                         ;
; Total pins                         ; 14 / 89 ( 16 % )                           ;
; Total virtual pins                 ; 0                                          ;
; Total memory bits                  ; 0 / 119,808 ( 0 % )                        ;
; Embedded Multiplier 9-bit elements ; 0 / 26 ( 0 % )                             ;
; Total PLLs                         ; 0 / 2 ( 0 % )                              ;
; Device                             ; EP2C5T144C6                                ;
; Timing Models                      ; Final                                      ;
+------------------------------------+--------------------------------------------+


+-----------------------------------------+
; Flow Settings                           ;
+-------------------+---------------------+
; Option            ; Setting             ;
+-------------------+---------------------+
; Start date & time ; 11/15/2018 19:22:04 ;
; Main task         ; Compilation         ;
; Revision Name     ; sync_cnt            ;
+-------------------+---------------------+


+----------------------------------------------------------------------------------------------------------------+
; Flow Non-Default Global Settings                                                                               ;
+-------------------------------------+------------------------+---------------+----------------+----------------+
; Assignment Name                     ; Value                  ; Default Value ; Entity Name    ; Section Id     ;
+-------------------------------------+------------------------+---------------+----------------+----------------+
; COMPILER_SIGNATURE_ID               ; 0.154230612414775      ; --            ; --             ; --             ;
; EDA_OUTPUT_DATA_FORMAT              ; Vhdl                   ; --            ; --             ; eda_simulation ;
; EDA_SIMULATION_TOOL                 ; ModelSim-Altera (VHDL) ; <None>        ; --             ; --             ;
; PARTITION_COLOR                     ; 16764057               ; --            ; sync_cnt_right ; Top            ;
; PARTITION_FITTER_PRESERVATION_LEVEL ; PLACEMENT_AND_ROUTING  ; --            ; sync_cnt_right ; Top            ;
; PARTITION_NETLIST_TYPE              ; SOURCE                 ; --            ; sync_cnt_right ; Top            ;
; PROJECT_OUTPUT_DIRECTORY            ; output_files           ; --            ; --             ; --             ;
; TOP_LEVEL_ENTITY                    ; sync_cnt_right         ; sync_cnt      ; --             ; --             ;
+-------------------------------------+------------------------+---------------+----------------+----------------+


+-------------------------------------------------------------------------------------------------------------------------------+
; Flow Elapsed Time                                                                                                             ;
+---------------------------+--------------+-------------------------+---------------------+------------------------------------+
; Module Name               ; Elapsed Time ; Average Processors Used ; Peak Virtual Memory ; Total CPU Time (on all processors) ;
+---------------------------+--------------+-------------------------+---------------------+------------------------------------+
; Analysis & Synthesis      ; 00:00:01     ; 1.0                     ; 370 MB              ; 00:00:01                           ;
; Fitter                    ; 00:00:03     ; 1.0                     ; 396 MB              ; 00:00:03                           ;
; Assembler                 ; 00:00:01     ; 1.0                     ; 325 MB              ; 00:00:01                           ;
; TimeQuest Timing Analyzer ; 00:00:01     ; 1.0                     ; 295 MB              ; 00:00:01                           ;
; EDA Netlist Writer        ; 00:00:00     ; 1.0                     ; 308 MB              ; 00:00:00                           ;
; Total                     ; 00:00:06     ; --                      ; --                  ; 00:00:06                           ;
+---------------------------+--------------+-------------------------+---------------------+------------------------------------+


+-------------------------------------------------------------------------------------------+
; Flow OS Summary                                                                           ;
+---------------------------+--------------------+------------+------------+----------------+
; Module Name               ; Machine Hostname   ; OS Name    ; OS Version ; Processor type ;
+---------------------------+--------------------+------------+------------+----------------+
; Analysis & Synthesis      ; matteo-Lenovo-G510 ; Linux Mint ; 18         ; x86_64         ;
; Fitter                    ; matteo-Lenovo-G510 ; Linux Mint ; 18         ; x86_64         ;
; Assembler                 ; matteo-Lenovo-G510 ; Linux Mint ; 18         ; x86_64         ;
; TimeQuest Timing Analyzer ; matteo-Lenovo-G510 ; Linux Mint ; 18         ; x86_64         ;
; EDA Netlist Writer        ; matteo-Lenovo-G510 ; Linux Mint ; 18         ; x86_64         ;
+---------------------------+--------------------+------------+------------+----------------+


------------
; Flow Log ;
------------
quartus_map --read_settings_files=on --write_settings_files=off sync_cnt -c sync_cnt
quartus_fit --read_settings_files=off --write_settings_files=off sync_cnt -c sync_cnt
quartus_asm --read_settings_files=off --write_settings_files=off sync_cnt -c sync_cnt
quartus_sta sync_cnt -c sync_cnt
quartus_eda --read_settings_files=off --write_settings_files=off sync_cnt -c sync_cnt



