Analysis & Synthesis report for add_sub_ABC
Sat May 05 14:55:11 2018
Quartus II Version 11.0 Build 208 07/03/2011 Service Pack 1 SJ Web Edition


---------------------
; Table of Contents ;
---------------------
  1. Legal Notice
  2. Analysis & Synthesis Summary
  3. Analysis & Synthesis Settings
  4. Parallel Compilation
  5. Analysis & Synthesis Source Files Read
  6. Analysis & Synthesis Resource Usage Summary
  7. Analysis & Synthesis Resource Utilization by Entity
  8. State Machine - |add_sub_ABC|CU_add_sub_ABC:CU|PS
  9. Registers Removed During Synthesis
 10. General Register Statistics
 11. Parameter Settings for User Entity Instance: Top-level Entity: |add_sub_ABC
 12. Parameter Settings for User Entity Instance: DP_add_sub_ABC:DP
 13. Parameter Settings for User Entity Instance: DP_add_sub_ABC:DP|reg_n:reg_A
 14. Parameter Settings for User Entity Instance: DP_add_sub_ABC:DP|reg_n:reg_B
 15. Parameter Settings for User Entity Instance: DP_add_sub_ABC:DP|mux2:mux_AB
 16. Parameter Settings for User Entity Instance: DP_add_sub_ABC:DP|reg_n:reg_C
 17. Parameter Settings for User Entity Instance: DP_add_sub_ABC:DP|adder_sub_beh:adder_sub
 18. Parameter Settings for User Entity Instance: DP_add_sub_ABC:DP|reg_n:reg_out
 19. Elapsed Time Per Partition
 20. Analysis & Synthesis Messages



----------------
; Legal Notice ;
----------------
Copyright (C) 1991-2011 Altera Corporation
Your use of Altera Corporation's design tools, logic functions 
and other software and tools, and its AMPP partner logic 
functions, and any output files from any of the foregoing 
(including device programming or simulation files), and any 
associated documentation or information are expressly subject 
to the terms and conditions of the Altera Program License 
Subscription Agreement, Altera MegaCore Function License 
Agreement, or other applicable license agreement, including, 
without limitation, that your use is for the sole purpose of 
programming logic devices manufactured by Altera and sold by 
Altera or its authorized distributors.  Please refer to the 
applicable agreement for further details.



+------------------------------------------------------------------------------------+
; Analysis & Synthesis Summary                                                       ;
+------------------------------------+-----------------------------------------------+
; Analysis & Synthesis Status        ; Successful - Sat May 05 14:55:11 2018         ;
; Quartus II Version                 ; 11.0 Build 208 07/03/2011 SP 1 SJ Web Edition ;
; Revision Name                      ; add_sub_ABC                                   ;
; Top-level Entity Name              ; add_sub_ABC                                   ;
; Family                             ; Cyclone II                                    ;
; Total logic elements               ; 23                                            ;
;     Total combinational functions  ; 16                                            ;
;     Dedicated logic registers      ; 18                                            ;
; Total registers                    ; 18                                            ;
; Total pins                         ; 18                                            ;
; Total virtual pins                 ; 0                                             ;
; Total memory bits                  ; 0                                             ;
; Embedded Multiplier 9-bit elements ; 0                                             ;
; Total PLLs                         ; 0                                             ;
+------------------------------------+-----------------------------------------------+


+----------------------------------------------------------------------------------------------------------------------+
; Analysis & Synthesis Settings                                                                                        ;
+----------------------------------------------------------------------------+--------------------+--------------------+
; Option                                                                     ; Setting            ; Default Value      ;
+----------------------------------------------------------------------------+--------------------+--------------------+
; Device                                                                     ; EP2C35F672C6       ;                    ;
; Top-level entity name                                                      ; add_sub_ABC        ; add_sub_ABC        ;
; Family name                                                                ; Cyclone II         ; Cyclone IV GX      ;
; Use smart compilation                                                      ; Off                ; Off                ;
; Enable parallel Assembler and TimeQuest Timing Analyzer during compilation ; On                 ; On                 ;
; Enable compact report table                                                ; Off                ; Off                ;
; Restructure Multiplexers                                                   ; Auto               ; Auto               ;
; Create Debugging Nodes for IP Cores                                        ; Off                ; Off                ;
; Preserve fewer node names                                                  ; On                 ; On                 ;
; Disable OpenCore Plus hardware evaluation                                  ; Off                ; Off                ;
; Verilog Version                                                            ; Verilog_2001       ; Verilog_2001       ;
; VHDL Version                                                               ; VHDL_1993          ; VHDL_1993          ;
; State Machine Processing                                                   ; Auto               ; Auto               ;
; Safe State Machine                                                         ; Off                ; Off                ;
; Extract Verilog State Machines                                             ; On                 ; On                 ;
; Extract VHDL State Machines                                                ; On                 ; On                 ;
; Ignore Verilog initial constructs                                          ; Off                ; Off                ;
; Iteration limit for constant Verilog loops                                 ; 5000               ; 5000               ;
; Iteration limit for non-constant Verilog loops                             ; 250                ; 250                ;
; Add Pass-Through Logic to Inferred RAMs                                    ; On                 ; On                 ;
; Parallel Synthesis                                                         ; On                 ; On                 ;
; DSP Block Balancing                                                        ; Auto               ; Auto               ;
; NOT Gate Push-Back                                                         ; On                 ; On                 ;
; Power-Up Don't Care                                                        ; On                 ; On                 ;
; Remove Redundant Logic Cells                                               ; Off                ; Off                ;
; Remove Duplicate Registers                                                 ; On                 ; On                 ;
; Ignore CARRY Buffers                                                       ; Off                ; Off                ;
; Ignore CASCADE Buffers                                                     ; Off                ; Off                ;
; Ignore GLOBAL Buffers                                                      ; Off                ; Off                ;
; Ignore ROW GLOBAL Buffers                                                  ; Off                ; Off                ;
; Ignore LCELL Buffers                                                       ; Off                ; Off                ;
; Ignore SOFT Buffers                                                        ; On                 ; On                 ;
; Limit AHDL Integers to 32 Bits                                             ; Off                ; Off                ;
; Optimization Technique                                                     ; Balanced           ; Balanced           ;
; Carry Chain Length                                                         ; 70                 ; 70                 ;
; Auto Carry Chains                                                          ; On                 ; On                 ;
; Auto Open-Drain Pins                                                       ; On                 ; On                 ;
; Perform WYSIWYG Primitive Resynthesis                                      ; Off                ; Off                ;
; Auto ROM Replacement                                                       ; On                 ; On                 ;
; Auto RAM Replacement                                                       ; On                 ; On                 ;
; Auto Shift Register Replacement                                            ; Auto               ; Auto               ;
; Allow Shift Register Merging across Hierarchies                            ; Auto               ; Auto               ;
; Auto Clock Enable Replacement                                              ; On                 ; On                 ;
; Strict RAM Replacement                                                     ; Off                ; Off                ;
; Allow Synchronous Control Signals                                          ; On                 ; On                 ;
; Force Use of Synchronous Clear Signals                                     ; Off                ; Off                ;
; Auto RAM to Logic Cell Conversion                                          ; Off                ; Off                ;
; Auto Resource Sharing                                                      ; Off                ; Off                ;
; Allow Any RAM Size For Recognition                                         ; Off                ; Off                ;
; Allow Any ROM Size For Recognition                                         ; Off                ; Off                ;
; Allow Any Shift Register Size For Recognition                              ; Off                ; Off                ;
; Use LogicLock Constraints during Resource Balancing                        ; On                 ; On                 ;
; Ignore translate_off and synthesis_off directives                          ; Off                ; Off                ;
; Timing-Driven Synthesis                                                    ; Off                ; Off                ;
; Report Parameter Settings                                                  ; On                 ; On                 ;
; Report Source Assignments                                                  ; On                 ; On                 ;
; Report Connectivity Checks                                                 ; On                 ; On                 ;
; Ignore Maximum Fan-Out Assignments                                         ; Off                ; Off                ;
; Synchronization Register Chain Length                                      ; 2                  ; 2                  ;
; PowerPlay Power Optimization                                               ; Normal compilation ; Normal compilation ;
; HDL message level                                                          ; Level2             ; Level2             ;
; Suppress Register Optimization Related Messages                            ; Off                ; Off                ;
; Number of Removed Registers Reported in Synthesis Report                   ; 5000               ; 5000               ;
; Number of Inverted Registers Reported in Synthesis Report                  ; 100                ; 100                ;
; Clock MUX Protection                                                       ; On                 ; On                 ;
; Auto Gated Clock Conversion                                                ; Off                ; Off                ;
; Block Design Naming                                                        ; Auto               ; Auto               ;
; SDC constraint protection                                                  ; Off                ; Off                ;
; Synthesis Effort                                                           ; Auto               ; Auto               ;
; Shift Register Replacement - Allow Asynchronous Clear Signal               ; On                 ; On                 ;
; Analysis & Synthesis Message Level                                         ; Medium             ; Medium             ;
; Disable Register Merging Across Hierarchies                                ; Auto               ; Auto               ;
; Resource Aware Inference For Block RAM                                     ; On                 ; On                 ;
; Synthesis Seed                                                             ; 1                  ; 1                  ;
+----------------------------------------------------------------------------+--------------------+--------------------+


Parallel compilation was disabled, but you have multiple processors available. Enable parallel compilation to reduce compilation time.
+-------------------------------------+
; Parallel Compilation                ;
+----------------------------+--------+
; Processors                 ; Number ;
+----------------------------+--------+
; Number detected on machine ; 4      ;
; Maximum allowed            ; 1      ;
+----------------------------+--------+


+----------------------------------------------------------------------------------------------------------------------------------------------+
; Analysis & Synthesis Source Files Read                                                                                                       ;
+----------------------------------+-----------------+-----------------+-----------------------------------------------------------------------+
; File Name with User-Entered Path ; Used in Netlist ; File Type       ; File Name with Absolute Path                                          ;
+----------------------------------+-----------------+-----------------+-----------------------------------------------------------------------+
; reg_n.vhd                        ; yes             ; User VHDL File  ; C:/Users/Michele Caon/Dropbox/hkn_tutoring_ESD/DUT/reg_n.vhd          ;
; mux2.vhd                         ; yes             ; User VHDL File  ; C:/Users/Michele Caon/Dropbox/hkn_tutoring_ESD/DUT/mux2.vhd           ;
; DP_add_sub_ABC.vhd               ; yes             ; User VHDL File  ; C:/Users/Michele Caon/Dropbox/hkn_tutoring_ESD/DUT/DP_add_sub_ABC.vhd ;
; CU_add_sub_ABC.vhd               ; yes             ; User VHDL File  ; C:/Users/Michele Caon/Dropbox/hkn_tutoring_ESD/DUT/CU_add_sub_ABC.vhd ;
; adder_sub_beh.vhd                ; yes             ; User VHDL File  ; C:/Users/Michele Caon/Dropbox/hkn_tutoring_ESD/DUT/adder_sub_beh.vhd  ;
; add_sub_ABC.vhd                  ; yes             ; User VHDL File  ; C:/Users/Michele Caon/Dropbox/hkn_tutoring_ESD/DUT/add_sub_ABC.vhd    ;
+----------------------------------+-----------------+-----------------+-----------------------------------------------------------------------+


+-----------------------------------------------------+
; Analysis & Synthesis Resource Usage Summary         ;
+---------------------------------------------+-------+
; Resource                                    ; Usage ;
+---------------------------------------------+-------+
; Estimated Total logic elements              ; 23    ;
;                                             ;       ;
; Total combinational functions               ; 16    ;
; Logic element usage by number of LUT inputs ;       ;
;     -- 4 input functions                    ; 1     ;
;     -- 3 input functions                    ; 10    ;
;     -- <=2 input functions                  ; 5     ;
;                                             ;       ;
; Logic elements by mode                      ;       ;
;     -- normal mode                          ; 12    ;
;     -- arithmetic mode                      ; 4     ;
;                                             ;       ;
; Total registers                             ; 18    ;
;     -- Dedicated logic registers            ; 18    ;
;     -- I/O registers                        ; 0     ;
;                                             ;       ;
; I/O pins                                    ; 18    ;
; Maximum fan-out node                        ; clk   ;
; Maximum fan-out                             ; 18    ;
; Total fan-out                               ; 102   ;
; Average fan-out                             ; 1.96  ;
+---------------------------------------------+-------+


+---------------------------------------------------------------------------------------------------------------------------------------------------------------------------------------------------------------------+
; Analysis & Synthesis Resource Utilization by Entity                                                                                                                                                                 ;
+---------------------------------+-------------------+--------------+-------------+--------------+---------+-----------+------+--------------+--------------------------------------------------------+--------------+
; Compilation Hierarchy Node      ; LC Combinationals ; LC Registers ; Memory Bits ; DSP Elements ; DSP 9x9 ; DSP 18x18 ; Pins ; Virtual Pins ; Full Hierarchy Name                                    ; Library Name ;
+---------------------------------+-------------------+--------------+-------------+--------------+---------+-----------+------+--------------+--------------------------------------------------------+--------------+
; |add_sub_ABC                    ; 16 (0)            ; 18 (0)       ; 0           ; 0            ; 0       ; 0         ; 18   ; 0            ; |add_sub_ABC                                           ;              ;
;    |CU_add_sub_ABC:CU|          ; 8 (8)             ; 8 (8)        ; 0           ; 0            ; 0       ; 0         ; 0    ; 0            ; |add_sub_ABC|CU_add_sub_ABC:CU                         ;              ;
;    |DP_add_sub_ABC:DP|          ; 8 (0)             ; 10 (0)       ; 0           ; 0            ; 0       ; 0         ; 0    ; 0            ; |add_sub_ABC|DP_add_sub_ABC:DP                         ;              ;
;       |adder_sub_beh:adder_sub| ; 3 (3)             ; 0 (0)        ; 0           ; 0            ; 0       ; 0         ; 0    ; 0            ; |add_sub_ABC|DP_add_sub_ABC:DP|adder_sub_beh:adder_sub ;              ;
;       |reg_n:reg_A|             ; 0 (0)             ; 3 (3)        ; 0           ; 0            ; 0       ; 0         ; 0    ; 0            ; |add_sub_ABC|DP_add_sub_ABC:DP|reg_n:reg_A             ;              ;
;       |reg_n:reg_C|             ; 0 (0)             ; 3 (3)        ; 0           ; 0            ; 0       ; 0         ; 0    ; 0            ; |add_sub_ABC|DP_add_sub_ABC:DP|reg_n:reg_C             ;              ;
;       |reg_n:reg_out|           ; 5 (5)             ; 4 (4)        ; 0           ; 0            ; 0       ; 0         ; 0    ; 0            ; |add_sub_ABC|DP_add_sub_ABC:DP|reg_n:reg_out           ;              ;
+---------------------------------+-------------------+--------------+-------------+--------------+---------+-----------+------+--------------+--------------------------------------------------------+--------------+
Note: For table entries with two numbers listed, the numbers in parentheses indicate the number of resources of the given type used by the specific entity alone. The numbers listed outside of parentheses indicate the total resources of the given type used by the specific entity and all of its sub-entities in the hierarchy.


Encoding Type:  One-Hot
+----------------------------------------------------------------------------------------------------------------------------------------------+
; State Machine - |add_sub_ABC|CU_add_sub_ABC:CU|PS                                                                                            ;
+-------------------+--------------+-------------------+------------------+------------------+-----------------+----------+---------+----------+
; Name              ; PS.out1_done ; PS.out0_BCpr_diff ; PS.out0_BCpr_sum ; PS.Csv_ACpr_diff ; PS.Csv_ACpr_sum ; PS.ABCsv ; PS.idle ; PS.reset ;
+-------------------+--------------+-------------------+------------------+------------------+-----------------+----------+---------+----------+
; PS.reset          ; 0            ; 0                 ; 0                ; 0                ; 0               ; 0        ; 0       ; 0        ;
; PS.idle           ; 0            ; 0                 ; 0                ; 0                ; 0               ; 0        ; 1       ; 1        ;
; PS.ABCsv          ; 0            ; 0                 ; 0                ; 0                ; 0               ; 1        ; 0       ; 1        ;
; PS.Csv_ACpr_sum   ; 0            ; 0                 ; 0                ; 0                ; 1               ; 0        ; 0       ; 1        ;
; PS.Csv_ACpr_diff  ; 0            ; 0                 ; 0                ; 1                ; 0               ; 0        ; 0       ; 1        ;
; PS.out0_BCpr_sum  ; 0            ; 0                 ; 1                ; 0                ; 0               ; 0        ; 0       ; 1        ;
; PS.out0_BCpr_diff ; 0            ; 1                 ; 0                ; 0                ; 0               ; 0        ; 0       ; 1        ;
; PS.out1_done      ; 1            ; 0                 ; 0                ; 0                ; 0               ; 0        ; 0       ; 1        ;
+-------------------+--------------+-------------------+------------------+------------------+-----------------+----------+---------+----------+


+------------------------------------------------------------+
; Registers Removed During Synthesis                         ;
+---------------------------------------+--------------------+
; Register name                         ; Reason for Removal ;
+---------------------------------------+--------------------+
; DP_add_sub_ABC:DP|reg_n:reg_B|Q[0..2] ; Lost fanout        ;
; Total Number of Removed Registers = 3 ;                    ;
+---------------------------------------+--------------------+


+------------------------------------------------------+
; General Register Statistics                          ;
+----------------------------------------------+-------+
; Statistic                                    ; Value ;
+----------------------------------------------+-------+
; Total registers                              ; 18    ;
; Number of registers using Synchronous Clear  ; 0     ;
; Number of registers using Synchronous Load   ; 0     ;
; Number of registers using Asynchronous Clear ; 18    ;
; Number of registers using Asynchronous Load  ; 0     ;
; Number of registers using Clock Enable       ; 0     ;
; Number of registers using Preset             ; 0     ;
+----------------------------------------------+-------+


+-----------------------------------------------------------------------------+
; Parameter Settings for User Entity Instance: Top-level Entity: |add_sub_ABC ;
+----------------+-------+----------------------------------------------------+
; Parameter Name ; Value ; Type                                               ;
+----------------+-------+----------------------------------------------------+
; nBit_in        ; 3     ; Signed Integer                                     ;
+----------------+-------+----------------------------------------------------+
Note: In order to hide this table in the UI and the text report file, please set the "Show Parameter Settings in Synthesis Report" option in "Analysis and Synthesis Settings -> More Settings" to "Off".


+----------------------------------------------------------------+
; Parameter Settings for User Entity Instance: DP_add_sub_ABC:DP ;
+----------------+-------+---------------------------------------+
; Parameter Name ; Value ; Type                                  ;
+----------------+-------+---------------------------------------+
; n              ; 3     ; Signed Integer                        ;
+----------------+-------+---------------------------------------+
Note: In order to hide this table in the UI and the text report file, please set the "Show Parameter Settings in Synthesis Report" option in "Analysis and Synthesis Settings -> More Settings" to "Off".


+----------------------------------------------------------------------------+
; Parameter Settings for User Entity Instance: DP_add_sub_ABC:DP|reg_n:reg_A ;
+----------------+-------+---------------------------------------------------+
; Parameter Name ; Value ; Type                                              ;
+----------------+-------+---------------------------------------------------+
; n              ; 3     ; Signed Integer                                    ;
+----------------+-------+---------------------------------------------------+
Note: In order to hide this table in the UI and the text report file, please set the "Show Parameter Settings in Synthesis Report" option in "Analysis and Synthesis Settings -> More Settings" to "Off".


+----------------------------------------------------------------------------+
; Parameter Settings for User Entity Instance: DP_add_sub_ABC:DP|reg_n:reg_B ;
+----------------+-------+---------------------------------------------------+
; Parameter Name ; Value ; Type                                              ;
+----------------+-------+---------------------------------------------------+
; n              ; 3     ; Signed Integer                                    ;
+----------------+-------+---------------------------------------------------+
Note: In order to hide this table in the UI and the text report file, please set the "Show Parameter Settings in Synthesis Report" option in "Analysis and Synthesis Settings -> More Settings" to "Off".


+----------------------------------------------------------------------------+
; Parameter Settings for User Entity Instance: DP_add_sub_ABC:DP|mux2:mux_AB ;
+----------------+-------+---------------------------------------------------+
; Parameter Name ; Value ; Type                                              ;
+----------------+-------+---------------------------------------------------+
; n              ; 3     ; Signed Integer                                    ;
+----------------+-------+---------------------------------------------------+
Note: In order to hide this table in the UI and the text report file, please set the "Show Parameter Settings in Synthesis Report" option in "Analysis and Synthesis Settings -> More Settings" to "Off".


+----------------------------------------------------------------------------+
; Parameter Settings for User Entity Instance: DP_add_sub_ABC:DP|reg_n:reg_C ;
+----------------+-------+---------------------------------------------------+
; Parameter Name ; Value ; Type                                              ;
+----------------+-------+---------------------------------------------------+
; n              ; 3     ; Signed Integer                                    ;
+----------------+-------+---------------------------------------------------+
Note: In order to hide this table in the UI and the text report file, please set the "Show Parameter Settings in Synthesis Report" option in "Analysis and Synthesis Settings -> More Settings" to "Off".


+----------------------------------------------------------------------------------------+
; Parameter Settings for User Entity Instance: DP_add_sub_ABC:DP|adder_sub_beh:adder_sub ;
+----------------+-------+---------------------------------------------------------------+
; Parameter Name ; Value ; Type                                                          ;
+----------------+-------+---------------------------------------------------------------+
; n              ; 3     ; Signed Integer                                                ;
+----------------+-------+---------------------------------------------------------------+
Note: In order to hide this table in the UI and the text report file, please set the "Show Parameter Settings in Synthesis Report" option in "Analysis and Synthesis Settings -> More Settings" to "Off".


+------------------------------------------------------------------------------+
; Parameter Settings for User Entity Instance: DP_add_sub_ABC:DP|reg_n:reg_out ;
+----------------+-------+-----------------------------------------------------+
; Parameter Name ; Value ; Type                                                ;
+----------------+-------+-----------------------------------------------------+
; n              ; 4     ; Signed Integer                                      ;
+----------------+-------+-----------------------------------------------------+
Note: In order to hide this table in the UI and the text report file, please set the "Show Parameter Settings in Synthesis Report" option in "Analysis and Synthesis Settings -> More Settings" to "Off".


+-------------------------------+
; Elapsed Time Per Partition    ;
+----------------+--------------+
; Partition Name ; Elapsed Time ;
+----------------+--------------+
; Top            ; 00:00:00     ;
+----------------+--------------+


+-------------------------------+
; Analysis & Synthesis Messages ;
+-------------------------------+
Info: *******************************************************************
Info: Running Quartus II Analysis & Synthesis
    Info: Version 11.0 Build 208 07/03/2011 Service Pack 1 SJ Web Edition
    Info: Processing started: Sat May 05 14:55:10 2018
Info: Command: quartus_map --read_settings_files=on --write_settings_files=off add_sub_ABC -c add_sub_ABC
Warning: Parallel compilation is not licensed and has been disabled
Info: Found 2 design units, including 1 entities, in source file reg_n.vhd
    Info: Found design unit 1: reg_n-behaviour
    Info: Found entity 1: reg_n
Info: Found 2 design units, including 1 entities, in source file mux2.vhd
    Info: Found design unit 1: mux2-behaviour
    Info: Found entity 1: mux2
Info: Found 2 design units, including 1 entities, in source file dp_add_sub_abc.vhd
    Info: Found design unit 1: DP_add_sub_ABC-behaviour
    Info: Found entity 1: DP_add_sub_ABC
Info: Found 2 design units, including 1 entities, in source file cu_add_sub_abc.vhd
    Info: Found design unit 1: CU_add_sub_ABC-behaviour
    Info: Found entity 1: CU_add_sub_ABC
Info: Found 2 design units, including 1 entities, in source file adder_sub_beh.vhd
    Info: Found design unit 1: adder_sub_beh-behaviour
    Info: Found entity 1: adder_sub_beh
Info: Found 2 design units, including 1 entities, in source file add_sub_abc.vhd
    Info: Found design unit 1: add_sub_ABC-structure
    Info: Found entity 1: add_sub_ABC
Info: Elaborating entity "add_sub_ABC" for the top level hierarchy
Info: Elaborating entity "CU_add_sub_ABC" for hierarchy "CU_add_sub_ABC:CU"
Info: Elaborating entity "DP_add_sub_ABC" for hierarchy "DP_add_sub_ABC:DP"
Info: Elaborating entity "reg_n" for hierarchy "DP_add_sub_ABC:DP|reg_n:reg_A"
Info: Elaborating entity "mux2" for hierarchy "DP_add_sub_ABC:DP|mux2:mux_AB"
Info: Elaborating entity "adder_sub_beh" for hierarchy "DP_add_sub_ABC:DP|adder_sub_beh:adder_sub"
Info: Elaborating entity "reg_n" for hierarchy "DP_add_sub_ABC:DP|reg_n:reg_out"
Info: 3 registers lost all their fanouts during netlist optimizations. The first 3 are displayed below.
    Info: Register "DP_add_sub_ABC:DP|reg_n:reg_B|Q[2]" lost all its fanouts during netlist optimizations.
    Info: Register "DP_add_sub_ABC:DP|reg_n:reg_B|Q[1]" lost all its fanouts during netlist optimizations.
    Info: Register "DP_add_sub_ABC:DP|reg_n:reg_B|Q[0]" lost all its fanouts during netlist optimizations.
Info: Generating hard_block partition "hard_block:auto_generated_inst"
Warning: Design contains 3 input pin(s) that do not drive logic
    Warning (15610): No output dependent on input pin "B[0]"
    Warning (15610): No output dependent on input pin "B[1]"
    Warning (15610): No output dependent on input pin "B[2]"
Info: Implemented 41 device resources after synthesis - the final resource count might be different
    Info: Implemented 13 input pins
    Info: Implemented 5 output pins
    Info: Implemented 23 logic cells
Info: Quartus II Analysis & Synthesis was successful. 0 errors, 5 warnings
    Info: Peak virtual memory: 323 megabytes
    Info: Processing ended: Sat May 05 14:55:11 2018
    Info: Elapsed time: 00:00:01
    Info: Total CPU time (on all processors): 00:00:01


